{
  "0 debug pnpm:scope": {
    "selected": 1,
    "workspacePrefix": "/Users/user/sf/tiga-cli"
  },
  "1 error pnpm": {
    "errno": 1,
    "code": "ELIFECYCLE",
    "pkgid": "root@",
    "stage": "build",
    "script": "lerna run build --stream",
    "pkgname": "root",
    "err": {
      "name": "Error",
      "message": "root@ build: `lerna run build --stream`\nExit status 1",
      "code": "ELIFECYCLE",
      "stack": "Error: root@ build: `lerna run build --stream`\nExit status 1\n    at EventEmitter.<anonymous> (/Users/user/pnpm-global/5/node_modules/.pnpm/pnpm@6.9.1/node_modules/pnpm/dist/pnpm.cjs:104110:20)\n    at EventEmitter.emit (events.js:375:28)\n    at ChildProcess.<anonymous> (/Users/user/pnpm-global/5/node_modules/.pnpm/pnpm@6.9.1/node_modules/pnpm/dist/pnpm.cjs:92416:18)\n    at ChildProcess.emit (events.js:375:28)\n    at maybeClose (internal/child_process.js:1055:16)\n    at Process.ChildProcess._handle.onexit (internal/child_process.js:288:5)"
    }
  }
}